<?xml version="1.0" encoding="UTF-8"?>
<!-- Generated by org.testng.reporters.JUnitReportReporter -->
<testsuite hostname="Shagu" failures="0" tests="5" name="Hello.Login" time="11.469" errors="0" timestamp="2022-03-17T13:27:14 GMT-04:00" skipped="0">
  <testcase classname="Hello.Login" name="checkwithWrongValues" time="0.876"/>
  <system-out/>
  <testcase classname="Hello.Login" name="checkwithCorrectValues" time="0.970"/>
  <system-out/>
  <testcase classname="Hello.Login" name="registerapatient" time="1.418"/>
  <system-out/>
  <testcase classname="Hello.Login" name="name" time="7.606"/>
  <system-out/>
  <testcase classname="Hello.Login" name="logout" time="0.599"/>
  <system-out/>
</testsuite> <!-- Hello.Login -->
